\BOOKMARK [1][-]{section.1}{\376\377\000I\000n\000t\000r\000o\000d\000u\000c\000t\000i\000o\000n}{}% 1
\BOOKMARK [2][-]{subsection.1.1}{\376\377\000T\000e\000a\000m}{section.1}% 2
\BOOKMARK [2][-]{subsection.1.2}{\376\377\000M\000o\000t\000i\000v\000a\000t\000i\000o\000n}{section.1}% 3
\BOOKMARK [1][-]{section.2}{\376\377\000T\000e\000c\000h\000n\000o\000l\000o\000g\000i\000e\000s}{}% 4
\BOOKMARK [2][-]{subsection.2.1}{\376\377\000L\000a\000T\000e\000X}{section.2}% 5
\BOOKMARK [2][-]{subsection.2.2}{\376\377\000P\000r\000o\000j\000e\000c\000t\000\040\000M\000a\000n\000a\000g\000e\000m\000e\000n\000t}{section.2}% 6
\BOOKMARK [3][-]{subsubsection.2.2.1}{\376\377\000T\000r\000e\000l\000l\000o}{subsection.2.2}% 7
\BOOKMARK [3][-]{subsubsection.2.2.2}{\376\377\000S\000h\000a\000r\000e\000p\000o\000i\000n\000t}{subsection.2.2}% 8
\BOOKMARK [2][-]{subsection.2.3}{\376\377\000A\000n\000d\000r\000o\000i\000d}{section.2}% 9
\BOOKMARK [3][-]{subsubsection.2.3.1}{\376\377\000D\000a\000r\000t}{subsection.2.3}% 10
\BOOKMARK [3][-]{subsubsection.2.3.2}{\376\377\000F\000l\000u\000t\000t\000e\000r}{subsection.2.3}% 11
\BOOKMARK [2][-]{subsection.2.4}{\376\377\000V\000e\000r\000s\000i\000o\000n\000\040\000C\000o\000n\000t\000r\000o\000l}{section.2}% 12
\BOOKMARK [3][-]{subsubsection.2.4.1}{\376\377\000G\000i\000t}{subsection.2.4}% 13
\BOOKMARK [3][-]{subsubsection.2.4.2}{\376\377\000G\000i\000t\000H\000u\000b}{subsection.2.4}% 14
\BOOKMARK [2][-]{subsection.2.5}{\376\377\000T\000o\000o\000l\000s}{section.2}% 15
\BOOKMARK [3][-]{subsubsection.2.5.1}{\376\377\000A\000n\000d\000r\000o\000i\000d\000\040\000S\000t\000u\000d\000i\000o}{subsection.2.5}% 16
\BOOKMARK [3][-]{subsubsection.2.5.2}{\376\377\000V\000i\000s\000u\000a\000l\000\040\000S\000t\000u\000d\000i\000o\000\040\000C\000o\000d\000e}{subsection.2.5}% 17
\BOOKMARK [3][-]{subsubsection.2.5.3}{\376\377\000P\000o\000s\000t\000m\000a\000n}{subsection.2.5}% 18
\BOOKMARK [3][-]{subsubsection.2.5.4}{\376\377\000F\000i\000g\000m\000a}{subsection.2.5}% 19
\BOOKMARK [1][-]{section.3}{\376\377\000D\000e\000s\000i\000g\000n}{}% 20
\BOOKMARK [2][-]{subsection.3.1}{\376\377\000M\000o\000c\000k\000u\000p\000s}{section.3}% 21
\BOOKMARK [2][-]{subsection.3.2}{\376\377\000P\000a\000g\000e\000s}{section.3}% 22
\BOOKMARK [3][-]{subsubsection.3.2.1}{\376\377\000P\000a\000g\000e\0001}{subsection.3.2}% 23
\BOOKMARK [3][-]{subsubsection.3.2.2}{\376\377\000P\000a\000g\000e\0002}{subsection.3.2}% 24
\BOOKMARK [1][-]{section.4}{\376\377\000B\000a\000c\000k\000e\000n\000d\000\040\000W\000e\000b\000s\000e\000r\000v\000e\000r}{}% 25
\BOOKMARK [2][-]{subsection.4.1}{\376\377\000R\000o\000u\000t\000e\000s}{section.4}% 26
\BOOKMARK [3][-]{subsubsection.4.1.1}{\376\377\000R\000o\000u\000t\000e\000\040\0001}{subsection.4.1}% 27
\BOOKMARK [1][-]{section.5}{\376\377\000A\000p\000p\000\040\000F\000u\000n\000c\000t\000i\000o\000n\000a\000l\000i\000t\000y}{}% 28
\BOOKMARK [2][-]{subsection.5.1}{\376\377\000H\000T\000T\000P\000\040\000R\000e\000q\000u\000e\000s\000t\000s}{section.5}% 29
\BOOKMARK [1][-]{section.6}{\376\377\000F\000i\000n\000a\000l\000\040\000T\000h\000o\000u\000g\000h\000t\000s}{}% 30
\BOOKMARK [2][-]{subsection.6.1}{\376\377\000L\000e\000o\000n\000\040\000E\000d\000l\000i\000n\000g\000e\000r}{section.6}% 31
\BOOKMARK [2][-]{subsection.6.2}{\376\377\000P\000a\000u\000l\000\040\000G\000i\000g\000l\000e\000r}{section.6}% 32
\BOOKMARK [2][-]{subsection.6.3}{\376\377\000A\000n\000d\000r\000e\000a\000s\000\040\000W\000e\000i\000s\000s\000l}{section.6}% 33
\BOOKMARK [1][-]{section.7}{\376\377\000A\000p\000p\000e\000n\000d\000i\000x}{}% 34
\BOOKMARK [2][-]{subsection.7.1}{\376\377\000A\000b\000b\000r\000i\000v\000i\000a\000t\000i\000o\000n\000s}{section.7}% 35
\BOOKMARK [2][-]{subsection.7.2}{\376\377\000A\000r\000b\000e\000i\000t\000s\000z\000e\000i\000t\000n\000a\000c\000h\000w\000e\000i\000s}{section.7}% 36
\BOOKMARK [2][-]{subsection.7.3}{\376\377\000L\000i\000s\000t\000\040\000o\000f\000\040\000i\000l\000l\000u\000s\000t\000r\000a\000t\000i\000o\000n\000s}{section.7}% 37
\BOOKMARK [2][-]{subsection.7.4}{\376\377\000S\000o\000u\000r\000c\000e\000\040\000c\000o\000d\000e\000\040\000d\000i\000r\000e\000c\000t\000o\000r\000y}{section.7}% 38
